14:29:30.545 [main] FATAL hsqldb.db..ENGINE - could not reopen database
org.hsqldb.HsqlException: Database lock acquisition failure: lockFile: org.hsqldb.persist.LockFile@92ce3dd4[file =D:\Work\vk-java-sdk\Chatbot\src\resources\ResourcesSQL.lck, exists=true, locked=false, valid=false, ] method: checkHeartbeat read: 2016-11-02 11:29:29 heartbeat - read: -6814 ms.
	at org.hsqldb.error.Error.error(Unknown Source) ~[hsqldb.jar:2.3.4]
	at org.hsqldb.error.Error.error(Unknown Source) ~[hsqldb.jar:2.3.4]
	at org.hsqldb.persist.LockFile.newLockFileLock(Unknown Source) ~[hsqldb.jar:2.3.4]
	at org.hsqldb.persist.Logger.acquireLock(Unknown Source) ~[hsqldb.jar:2.3.4]
	at org.hsqldb.persist.Logger.open(Unknown Source) [hsqldb.jar:2.3.4]
	at org.hsqldb.Database.reopen(Unknown Source) [hsqldb.jar:2.3.4]
	at org.hsqldb.Database.open(Unknown Source) [hsqldb.jar:2.3.4]
	at org.hsqldb.DatabaseManager.getDatabase(Unknown Source) [hsqldb.jar:2.3.4]
	at org.hsqldb.DatabaseManager.newSession(Unknown Source) [hsqldb.jar:2.3.4]
	at org.hsqldb.jdbc.JDBCConnection.<init>(Unknown Source) [hsqldb.jar:2.3.4]
	at org.hsqldb.jdbc.JDBCDriver.getConnection(Unknown Source) [hsqldb.jar:2.3.4]
	at org.hsqldb.jdbc.JDBCDriver.connect(Unknown Source) [hsqldb.jar:2.3.4]
	at java.sql.DriverManager.getConnection(DriverManager.java:664) [?:1.8.0_91]
	at java.sql.DriverManager.getConnection(DriverManager.java:270) [?:1.8.0_91]
	at com.artemie.chatbot.DatabaseManager.<init>(DatabaseManager.java:23) [Chatbot/:?]
	at com.artemie.chatbot.DatabaseManager.getInstance(DatabaseManager.java:33) [Chatbot/:?]
	at com.artemie.chatbot.Chatbot.<init>(Chatbot.java:27) [Chatbot/:?]
	at com.artemie.chatbot.Main.main(Main.java:37) [Chatbot/:?]
	at sun.reflect.NativeMethodAccessorImpl.invoke0(Native Method) ~[?:1.8.0_91]
	at sun.reflect.NativeMethodAccessorImpl.invoke(NativeMethodAccessorImpl.java:62) ~[?:1.8.0_91]
	at sun.reflect.DelegatingMethodAccessorImpl.invoke(DelegatingMethodAccessorImpl.java:43) ~[?:1.8.0_91]
	at java.lang.reflect.Method.invoke(Method.java:498) ~[?:1.8.0_91]
	at com.intellij.rt.execution.application.AppMain.main(AppMain.java:144) [idea_rt.jar:?]
14:30:09.335 [main] WARN  com.artemie.chatbot.Main - Chatbot start
14:30:35.299 [Thread-5] WARN  com.artemie.chatbot.logic.Logic - Banned user Vova Yurovsky in chat 1
14:30:42.274 [Thread-3] WARN  com.artemie.chatbot.dialog.UsersInput - User input for dialog c1 terminated
14:30:42.276 [Thread-5] WARN  com.artemie.chatbot.logic.Logic - Logic terminated
14:30:42.564 [Thread-6] WARN  com.artemie.chatbot.vkManager.VKManager - VK manager terminated
14:30:43.266 [Thread-4] WARN  com.artemie.chatbot.dialog.CommandInput - Command input for dialog c1 terminated
22:30:04.317 [main] WARN  com.artemie.chatbot.Main - Chatbot start
22:30:11.142 [Thread-6] WARN  com.artemie.chatbot.vkManager.VKManager - VK manager terminated
22:30:11.291 [Thread-4] WARN  com.artemie.chatbot.dialog.CommandInput - Command input for dialog c1 terminated
22:30:11.329 [Thread-3] WARN  com.artemie.chatbot.dialog.UsersInput - User input for dialog c1 terminated
22:30:11.331 [Thread-5] WARN  com.artemie.chatbot.logic.Logic - Logic terminated
